# JRE version: OpenJDK Runtime Environment (11.0.15) (build 11.0.15+0-b2043.56-9505619)
# Java VM: OpenJDK 64-Bit Server VM (11.0.15+0-b2043.56-9505619, mixed mode, tiered, compressed oops, g1 gc, windows-amd64)
Heap:
 garbage-first heap   total 364544K, used 244013K [0x0000000080000000, 0x0000000100000000)
  region size 1024K, 21 young (21504K), 2 survivors (2048K)
 Metaspace       used 151379K, capacity 156053K, committed 156976K, reserved 1185792K
  class space    used 18297K, capacity 20083K, committed 20352K, reserved 1048576K
GC Heap History (20 events):
Event: 4835.782 GC heap before
{Heap before GC invocations=119 (full 0):
 garbage-first heap   total 360448K, used 237868K [0x0000000080000000, 0x0000000100000000)
  region size 1024K, 17 young (17408K), 3 survivors (3072K)
 Metaspace       used 150796K, capacity 155531K, committed 155696K, reserved 1185792K
  class space    used 18275K, capacity 20033K, committed 20096K, reserved 1048576K
}
Event: 4835.810 GC heap after
{Heap after GC invocations=120 (full 0):
 garbage-first heap   total 360448K, used 215289K [0x0000000080000000, 0x0000000100000000)
  region size 1024K, 2 young (2048K), 2 survivors (2048K)
 Metaspace       used 150796K, capacity 155531K, committed 155696K, reserved 1185792K
  class space    used 18275K, capacity 20033K, committed 20096K, reserved 1048576K
}
Event: 5409.777 GC heap before
{Heap before GC invocations=120 (full 0):
 garbage-first heap   total 360448K, used 295161K [0x0000000080000000, 0x0000000100000000)
  region size 1024K, 81 young (82944K), 2 survivors (2048K)
 Metaspace       used 151381K, capacity 156442K, committed 156720K, reserved 1185792K
  class space    used 18411K, capacity 20283K, committed 20352K, reserved 1048576K
}
Event: 5409.792 GC heap after
{Heap after GC invocations=121 (full 0):
 garbage-first heap   total 360448K, used 214051K [0x0000000080000000, 0x0000000100000000)
  region size 1024K, 1 young (1024K), 1 survivors (1024K)
 Metaspace       used 151381K, capacity 156442K, committed 156720K, reserved 1185792K
  class space    used 18411K, capacity 20283K, committed 20352K, reserved 1048576K
}
Event: 5611.761 GC heap before
{Heap before GC invocations=122 (full 0):
 garbage-first heap   total 360448K, used 296995K [0x0000000080000000, 0x0000000100000000)
  region size 1024K, 83 young (84992K), 1 survivors (1024K)
 Metaspace       used 151585K, capacity 156620K, committed 156720K, reserved 1185792K
  class space    used 18415K, capacity 20290K, committed 20352K, reserved 1048576K
}
Event: 5611.768 GC heap after
{Heap after GC invocations=123 (full 0):
 garbage-first heap   total 360448K, used 214002K [0x0000000080000000, 0x0000000100000000)
  region size 1024K, 1 young (1024K), 1 survivors (1024K)
 Metaspace       used 151585K, capacity 156620K, committed 156720K, reserved 1185792K
  class space    used 18415K, capacity 20290K, committed 20352K, reserved 1048576K
}
Event: 6623.426 GC heap before
{Heap before GC invocations=123 (full 0):
 garbage-first heap   total 360448K, used 229362K [0x0000000080000000, 0x0000000100000000)
  region size 1024K, 17 young (17408K), 1 survivors (1024K)
 Metaspace       used 151586K, capacity 156620K, committed 156720K, reserved 1185792K
  class space    used 18415K, capacity 20290K, committed 20352K, reserved 1048576K
}
Event: 6623.438 GC heap after
{Heap after GC invocations=124 (full 0):
 garbage-first heap   total 360448K, used 211468K [0x0000000080000000, 0x0000000100000000)
  region size 1024K, 1 young (1024K), 1 survivors (1024K)
 Metaspace       used 151586K, capacity 156620K, committed 156720K, reserved 1185792K
  class space    used 18415K, capacity 20290K, committed 20352K, reserved 1048576K
}
Event: 7111.993 GC heap before
{Heap before GC invocations=124 (full 0):
 garbage-first heap   total 360448K, used 297484K [0x0000000080000000, 0x0000000100000000)
  region size 1024K, 87 young (89088K), 1 survivors (1024K)
 Metaspace       used 151661K, capacity 156628K, committed 156720K, reserved 1185792K
  class space    used 18416K, capacity 20292K, committed 20352K, reserved 1048576K
}
Event: 7112.007 GC heap after
{Heap after GC invocations=125 (full 0):
 garbage-first heap   total 360448K, used 220709K [0x0000000080000000, 0x0000000100000000)
  region size 1024K, 10 young (10240K), 10 survivors (10240K)
 Metaspace       used 151661K, capacity 156628K, committed 156720K, reserved 1185792K
  class space    used 18416K, capacity 20292K, committed 20352K, reserved 1048576K
}
Event: 7113.107 GC heap before
{Heap before GC invocations=126 (full 0):
 garbage-first heap   total 360448K, used 303653K [0x0000000080000000, 0x0000000100000000)
  region size 1024K, 90 young (92160K), 10 survivors (10240K)
 Metaspace       used 151327K, capacity 155967K, committed 156976K, reserved 1185792K
  class space    used 18308K, capacity 20101K, committed 20352K, reserved 1048576K
}
Event: 7113.119 GC heap after
{Heap after GC invocations=127 (full 0):
 garbage-first heap   total 360448K, used 224111K [0x0000000080000000, 0x0000000100000000)
  region size 1024K, 4 young (4096K), 4 survivors (4096K)
 Metaspace       used 151327K, capacity 155967K, committed 156976K, reserved 1185792K
  class space    used 18308K, capacity 20101K, committed 20352K, reserved 1048576K
}
Event: 7113.476 GC heap before
{Heap before GC invocations=127 (full 0):
 garbage-first heap   total 364544K, used 350063K [0x0000000080000000, 0x0000000100000000)
  region size 1024K, 17 young (17408K), 4 survivors (4096K)
 Metaspace       used 151390K, capacity 156051K, committed 156976K, reserved 1185792K
  class space    used 18315K, capacity 20115K, committed 20352K, reserved 1048576K
}
Event: 7113.489 GC heap after
{Heap after GC invocations=128 (full 0):
 garbage-first heap   total 364544K, used 218649K [0x0000000080000000, 0x0000000100000000)
  region size 1024K, 1 young (1024K), 1 survivors (1024K)
 Metaspace       used 151390K, capacity 156051K, committed 156976K, reserved 1185792K
  class space    used 18315K, capacity 20115K, committed 20352K, reserved 1048576K
}
Event: 7207.407 GC heap before
{Heap before GC invocations=128 (full 0):
 garbage-first heap   total 364544K, used 304665K [0x0000000080000000, 0x0000000100000000)
  region size 1024K, 85 young (87040K), 1 survivors (1024K)
 Metaspace       used 151511K, capacity 156201K, committed 156976K, reserved 1185792K
  class space    used 18317K, capacity 20118K, committed 20352K, reserved 1048576K
}
Event: 7207.428 GC heap after
{Heap after GC invocations=129 (full 0):
 garbage-first heap   total 364544K, used 226149K [0x0000000080000000, 0x0000000100000000)
  region size 1024K, 8 young (8192K), 8 survivors (8192K)
 Metaspace       used 151511K, capacity 156201K, committed 156976K, reserved 1185792K
  class space    used 18317K, capacity 20118K, committed 20352K, reserved 1048576K
}
Event: 8763.654 GC heap before
{Heap before GC invocations=130 (full 0):
 garbage-first heap   total 364544K, used 307045K [0x0000000080000000, 0x0000000100000000)
  region size 1024K, 88 young (90112K), 8 survivors (8192K)
 Metaspace       used 151355K, capacity 156030K, committed 156976K, reserved 1185792K
  class space    used 18294K, capacity 20078K, committed 20352K, reserved 1048576K
}
Event: 8763.670 GC heap after
{Heap after GC invocations=131 (full 0):
 garbage-first heap   total 364544K, used 226144K [0x0000000080000000, 0x0000000100000000)
  region size 1024K, 7 young (7168K), 7 survivors (7168K)
 Metaspace       used 151355K, capacity 156030K, committed 156976K, reserved 1185792K
  class space    used 18294K, capacity 20078K, committed 20352K, reserved 1048576K
}
Event: 8763.753 GC heap before
{Heap before GC invocations=131 (full 0):
 garbage-first heap   total 364544K, used 236384K [0x0000000080000000, 0x0000000100000000)
  region size 1024K, 17 young (17408K), 7 survivors (7168K)
 Metaspace       used 151362K, capacity 156031K, committed 156976K, reserved 1185792K
  class space    used 18294K, capacity 20078K, committed 20352K, reserved 1048576K
}
Event: 8763.770 GC heap after
{Heap after GC invocations=132 (full 0):
 garbage-first heap   total 364544K, used 226605K [0x0000000080000000, 0x0000000100000000)
  region size 1024K, 2 young (2048K), 2 survivors (2048K)
 Metaspace       used 151362K, capacity 156031K, committed 156976K, reserved 1185792K
  class space    used 18294K, capacity 20078K, committed 20352K, reserved 1048576K
}

